# JRE version: OpenJDK Runtime Environment Temurin-21.0.10+7 (21.0.10+7) (build 21.0.10+7-LTS)
# Java VM: OpenJDK 64-Bit Server VM Temurin-21.0.10+7 (21.0.10+7-LTS, mixed mode, sharing, tiered, compressed oops, compressed class ptrs, g1 gc, linux-amd64)
GC Precious Log:
 CardTable entry size: 512
 Card Set container configuration: InlinePtr #cards 5 size 8 Array Of Cards #cards 12 size 40 Howl #buckets 4 coarsen threshold 1843 Howl Bitmap #cards 512 size 80 coarsen threshold 460 Card regions per heap region 1 cards per card region 2048
 CPUs: 8 total, 8 available
 Memory: 15737M
 Large Page Support: Disabled
 NUMA Support: Disabled
 Compressed Oops: Enabled (32-bit)
 Heap Region Size: 1M
 Heap Min Capacity: 8M
 Heap Initial Capacity: 246M
 Heap Max Capacity: 2G
 Pre-touch: Disabled
 Parallel Workers: 8
 Concurrent Workers: 2
 Concurrent Refinement Workers: 8
 Periodic GC: Disabled
Heap:
 garbage-first heap   total 124928K, used 97759K [0x0000000080000000, 0x0000000100000000)
  region size 1024K, 55 young (56320K), 7 survivors (7168K)
 Metaspace       used 47836K, committed 49344K, reserved 1114112K
  class space    used 6920K, committed 7616K, reserved 1048576K
GC Heap History (20 events):
Event: 2.350 GC heap before
{Heap before GC invocations=0 (full 0):
 garbage-first heap   total 253952K, used 27690K [0x0000000080000000, 0x0000000100000000)
  region size 1024K, 23 young (23552K), 0 survivors (0K)
 Metaspace       used 2312K, committed 2432K, reserved 1114112K
  class space    used 261K, committed 320K, reserved 1048576K
}
Event: 2.381 GC heap after
{Heap after GC invocations=1 (full 0):
 garbage-first heap   total 253952K, used 11288K [0x0000000080000000, 0x0000000100000000)
  region size 1024K, 3 young (3072K), 3 survivors (3072K)
 Metaspace       used 2312K, committed 2432K, reserved 1114112K
  class space    used 261K, committed 320K, reserved 1048576K
}
Event: 4.017 GC heap before
{Heap before GC invocations=1 (full 0):
 garbage-first heap   total 253952K, used 45080K [0x0000000080000000, 0x0000000100000000)
  region size 1024K, 36 young (36864K), 3 survivors (3072K)
 Metaspace       used 4316K, committed 4480K, reserved 1114112K
  class space    used 548K, committed 640K, reserved 1048576K
}
Event: 4.043 GC heap after
{Heap after GC invocations=2 (full 0):
 garbage-first heap   total 253952K, used 13228K [0x0000000080000000, 0x0000000100000000)
  region size 1024K, 2 young (2048K), 2 survivors (2048K)
 Metaspace       used 4316K, committed 4480K, reserved 1114112K
  class space    used 548K, committed 640K, reserved 1048576K
}
Event: 9.371 GC heap before
{Heap before GC invocations=2 (full 0):
 garbage-first heap   total 253952K, used 104364K [0x0000000080000000, 0x0000000100000000)
  region size 1024K, 89 young (91136K), 2 survivors (2048K)
 Metaspace       used 18499K, committed 19136K, reserved 1114112K
  class space    used 2692K, committed 3008K, reserved 1048576K
}
Event: 9.420 GC heap after
{Heap after GC invocations=3 (full 0):
 garbage-first heap   total 253952K, used 23777K [0x0000000080000000, 0x0000000100000000)
  region size 1024K, 12 young (12288K), 12 survivors (12288K)
 Metaspace       used 18499K, committed 19136K, reserved 1114112K
  class space    used 2692K, committed 3008K, reserved 1048576K
}
Event: 10.299 GC heap before
{Heap before GC invocations=3 (full 0):
 garbage-first heap   total 253952K, used 42209K [0x0000000080000000, 0x0000000100000000)
  region size 1024K, 31 young (31744K), 12 survivors (12288K)
 Metaspace       used 20788K, committed 21504K, reserved 1114112K
  class space    used 3067K, committed 3392K, reserved 1048576K
}
Event: 10.355 GC heap after
{Heap after GC invocations=4 (full 0):
 garbage-first heap   total 253952K, used 25920K [0x0000000080000000, 0x0000000100000000)
  region size 1024K, 3 young (3072K), 3 survivors (3072K)
 Metaspace       used 20788K, committed 21504K, reserved 1114112K
  class space    used 3067K, committed 3392K, reserved 1048576K
}
Event: 13.387 GC heap before
{Heap before GC invocations=5 (full 0):
 garbage-first heap   total 96256K, used 93504K [0x0000000080000000, 0x0000000100000000)
  region size 1024K, 69 young (70656K), 3 survivors (3072K)
 Metaspace       used 29499K, committed 30656K, reserved 1114112K
  class space    used 4480K, committed 5056K, reserved 1048576K
}
Event: 13.408 GC heap after
{Heap after GC invocations=6 (full 0):
 garbage-first heap   total 101376K, used 28615K [0x0000000080000000, 0x0000000100000000)
  region size 1024K, 5 young (5120K), 5 survivors (5120K)
 Metaspace       used 29499K, committed 30656K, reserved 1114112K
  class space    used 4480K, committed 5056K, reserved 1048576K
}
Event: 14.820 GC heap before
{Heap before GC invocations=6 (full 0):
 garbage-first heap   total 101376K, used 83911K [0x0000000080000000, 0x0000000100000000)
  region size 1024K, 59 young (60416K), 5 survivors (5120K)
 Metaspace       used 34199K, committed 35392K, reserved 1114112K
  class space    used 5147K, committed 5696K, reserved 1048576K
}
Event: 14.863 GC heap after
{Heap after GC invocations=7 (full 0):
 garbage-first heap   total 101376K, used 32771K [0x0000000080000000, 0x0000000100000000)
  region size 1024K, 8 young (8192K), 8 survivors (8192K)
 Metaspace       used 34199K, committed 35392K, reserved 1114112K
  class space    used 5147K, committed 5696K, reserved 1048576K
}
Event: 15.556 GC heap before
{Heap before GC invocations=7 (full 0):
 garbage-first heap   total 101376K, used 84995K [0x0000000080000000, 0x0000000100000000)
  region size 1024K, 59 young (60416K), 8 survivors (8192K)
 Metaspace       used 34267K, committed 35392K, reserved 1114112K
  class space    used 5147K, committed 5696K, reserved 1048576K
}
Event: 15.581 GC heap after
{Heap after GC invocations=8 (full 0):
 garbage-first heap   total 101376K, used 36395K [0x0000000080000000, 0x0000000100000000)
  region size 1024K, 5 young (5120K), 5 survivors (5120K)
 Metaspace       used 34267K, committed 35392K, reserved 1114112K
  class space    used 5147K, committed 5696K, reserved 1048576K
}
Event: 16.174 GC heap before
{Heap before GC invocations=8 (full 0):
 garbage-first heap   total 101376K, used 87595K [0x0000000080000000, 0x0000000100000000)
  region size 1024K, 55 young (56320K), 5 survivors (5120K)
 Metaspace       used 34428K, committed 35584K, reserved 1114112K
  class space    used 5164K, committed 5696K, reserved 1048576K
}
Event: 16.195 GC heap after
{Heap after GC invocations=9 (full 0):
 garbage-first heap   total 101376K, used 38576K [0x0000000080000000, 0x0000000100000000)
  region size 1024K, 4 young (4096K), 4 survivors (4096K)
 Metaspace       used 34428K, committed 35584K, reserved 1114112K
  class space    used 5164K, committed 5696K, reserved 1048576K
}
Event: 16.556 GC heap before
{Heap before GC invocations=9 (full 0):
 garbage-first heap   total 101376K, used 71344K [0x0000000080000000, 0x0000000100000000)
  region size 1024K, 37 young (37888K), 4 survivors (4096K)
 Metaspace       used 34925K, committed 36160K, reserved 1114112K
  class space    used 5221K, committed 5824K, reserved 1048576K
}
Event: 16.567 GC heap after
{Heap after GC invocations=10 (full 0):
 garbage-first heap   total 101376K, used 40381K [0x0000000080000000, 0x0000000100000000)
  region size 1024K, 5 young (5120K), 5 survivors (5120K)
 Metaspace       used 34925K, committed 36160K, reserved 1114112K
  class space    used 5221K, committed 5824K, reserved 1048576K
}
Event: 17.951 GC heap before
{Heap before GC invocations=11 (full 0):
 garbage-first heap   total 101376K, used 89533K [0x0000000080000000, 0x0000000100000000)
  region size 1024K, 53 young (54272K), 5 survivors (5120K)
 Metaspace       used 42555K, committed 43840K, reserved 1114112K
  class space    used 6160K, committed 6784K, reserved 1048576K
}
Event: 17.969 GC heap after
{Heap after GC invocations=12 (full 0):
 garbage-first heap   total 124928K, used 45535K [0x0000000080000000, 0x0000000100000000)
  region size 1024K, 7 young (7168K), 7 survivors (7168K)
 Metaspace       used 42555K, committed 43840K, reserved 1114112K
  class space    used 6160K, committed 6784K, reserved 1048576K
}

